#
# There is insufficient memory for the Java Runtime Environment to continue.
# Native memory allocation (malloc) failed to allocate 906256 bytes for Chunk::new
# Possible reasons:
#   The system is out of physical RAM or swap space
#   The process is running with CompressedOops enabled, and the Java Heap may be blocking the growth of the native heap
# Possible solutions:
#   Reduce memory load on the system
#   Increase physical memory or swap space
#   Check if swap backing store is full
#   Decrease Java heap size (-Xmx/-Xms)
#   Decrease number of Java threads
#   Decrease Java thread stack sizes (-Xss)
#   Set larger code cache with -XX:ReservedCodeCacheSize=
#   JVM is running with Unscaled Compressed Oops mode in which the Java heap is
#     placed in the first 4GB address space. The Java Heap base address is the
#     maximum limit for the native heap growth. Please use -XX:HeapBaseMinAddress
#     to set the Java Heap base and to place the Java Heap above 4GB virtual address.
# This output file may be truncated or incomplete.
#
#  Out of Memory Error (allocation.cpp:389), pid=11592, tid=0x0000000000001d0c
#
# JRE version: Java(TM) SE Runtime Environment (8.0_211-b12) (build 1.8.0_211-b12)
# Java VM: Java HotSpot(TM) 64-Bit Server VM (25.211-b12 mixed mode windows-amd64 compressed oops)
# Failed to write core dump. Minidumps are not enabled by default on client versions of Windows
#

---------------  T H R E A D  ---------------

Current thread (0x0000000014db5800):  JavaThread "C2 CompilerThread0" daemon [_thread_in_native, id=7436, stack(0x00000000163f0000,0x00000000164f0000)]

Stack: [0x00000000163f0000,0x00000000164f0000]
[error occurred during error reporting (printing stack bounds), id 0xc0000005]

Native frames: (J=compiled Java code, j=interpreted, Vv=VM code, C=native code)


Current CompileTask:
C2:1025924 17703   !   4       org.springframework.context.annotation.ConfigurationClassParser::asSourceClass (84 bytes)


---------------  P R O C E S S  ---------------

Java Threads: ( => current thread )
  0x0000000021c5f000 JavaThread "restartedMain" [_thread_in_native, id=1728, stack(0x0000000000af0000,0x0000000000bf0000)]
  0x0000000021c5e000 JavaThread "Thread-8" [_thread_blocked, id=9032, stack(0x0000000023410000,0x0000000023510000)]
  0x000000001777a800 JavaThread "DestroyJavaVM" [_thread_blocked, id=9072, stack(0x0000000002620000,0x0000000002720000)]
  0x0000000017776000 JavaThread "Live Reload Server" daemon [_thread_in_native, id=23532, stack(0x0000000023d10000,0x0000000023e10000)]
  0x0000000017236000 JavaThread "Abandoned connection cleanup thread" daemon [_thread_blocked, id=12948, stack(0x0000000020c40000,0x0000000020d40000)]
  0x0000000016723800 JavaThread "Service Thread" daemon [_thread_blocked, id=17064, stack(0x0000000016af0000,0x0000000016bf0000)]
  0x0000000014dbf800 JavaThread "C1 CompilerThread2" daemon [_thread_blocked, id=23308, stack(0x00000000165f0000,0x00000000166f0000)]
  0x0000000014dba800 JavaThread "C2 CompilerThread1" daemon [_thread_in_native, id=2368, stack(0x00000000164f0000,0x00000000165f0000)]
=>0x0000000014db5800 JavaThread "C2 CompilerThread0" daemon [_thread_in_native, id=7436, stack(0x00000000163f0000,0x00000000164f0000)]
  0x0000000014db4000 JavaThread "Attach Listener" daemon [_thread_blocked, id=13860, stack(0x00000000162f0000,0x00000000163f0000)]
  0x0000000014db0000 JavaThread "Signal Dispatcher" daemon [_thread_blocked, id=18872, stack(0x00000000161f0000,0x00000000162f0000)]
  0x0000000014d91800 JavaThread "Finalizer" daemon [_thread_blocked, id=748, stack(0x0000000015ff0000,0x00000000160f0000)]
  0x0000000014d88800 JavaThread "Reference Handler" daemon [_thread_blocked, id=7616, stack(0x0000000015ef0000,0x0000000015ff0000)]

Other Threads:
  0x0000000014d67800 VMThread [stack: 0x0000000015df0000,0x0000000015ef0000] [id=16004]
  0x0000000016759000 WatcherThread [stack: 0x0000000016bf0000,0x0000000016cf0000] [id=840]

VM state:not at safepoint (normal execution)

VM Mutex/Monitor currently owned by a thread: None

heap address: 0x00000000c2200000, size: 990 MB, Compressed Oops mode: 32-bit
Narrow klass base: 0x0000000000000000, Narrow klass shift: 3
Compressed class space size: 1073741824 Address: 0x0000000100000000

Heap:
 PSYoungGen      total 284672K, used 29634K [0x00000000eb600000, 0x0000000100000000, 0x0000000100000000)
  eden space 229888K, 12% used [0x00000000eb600000,0x00000000ed2f0a78,0x00000000f9680000)
  from space 54784K, 0% used [0x00000000fca80000,0x00000000fca80000,0x0000000100000000)
  to   space 53248K, 0% used [0x00000000f9680000,0x00000000f9680000,0x00000000fca80000)
 ParOldGen       total 160768K, used 103592K [0x00000000c2200000, 0x00000000cbf00000, 0x00000000eb600000)
  object space 160768K, 64% used [0x00000000c2200000,0x00000000c872a1a8,0x00000000cbf00000)
 Metaspace       used 91362K, capacity 93178K, committed 94336K, reserved 1132544K
  class space    used 10818K, capacity 11160K, committed 11392K, reserved 1048576K

Card table byte_map: [0x0000000011be0000,0x0000000011dd0000] byte_map_base: 0x00000000115cf000

Marking Bits: (ParMarkBitMap*) 0x0000000071805ce0
 Begin Bits: [0x0000000012320000, 0x0000000013298000)
 End Bits:   [0x0000000013298000, 0x0000000014210000)

Polling page: 0x00000000003f0000

CodeCache: size=245760Kb used=53436Kb max_used=53558Kb free=192323Kb
 bounds [0x0000000002820000, 0x0000000005cd0000, 0x0000000011820000]
 total_blobs=14786 nmethods=14175 adapters=521
 compilation: enabled

Compilation events (10 events):
Event: 1024.752 Thread 0x0000000014dbf800 17700       3       java.lang.Class::getConstructor0 (103 bytes)
Event: 1024.754 Thread 0x0000000014dbf800 nmethod 17700 0x0000000002c6f9d0 code [0x0000000002c6fcc0, 0x0000000002c71198]
Event: 1024.766 Thread 0x0000000014dbf800 17699       3       java.lang.Class::privateGetDeclaredConstructors (85 bytes)
Event: 1024.767 Thread 0x0000000014dbf800 nmethod 17699 0x0000000002c6ee50 code [0x0000000002c6f020, 0x0000000002c6f718]
Event: 1025.413 Thread 0x0000000014db5800 17701       4       java.lang.StringBuffer::<init> (7 bytes)
Event: 1025.415 Thread 0x0000000014db5800 nmethod 17701 0x0000000002ea9f90 code [0x0000000002eaa0e0, 0x0000000002eaa1d8]
Event: 1025.509 Thread 0x0000000014dba800 17702   !   4       org.springframework.context.annotation.ConfigurationClassParser$SourceClass::getRelated (111 bytes)
Event: 1025.516 Thread 0x0000000014db5800 17703   !   4       org.springframework.context.annotation.ConfigurationClassParser::asSourceClass (84 bytes)
Event: 1025.686 Thread 0x0000000014dbf800 17704       3       java.lang.Class::getDeclaredMethod (67 bytes)
Event: 1025.688 Thread 0x0000000014dbf800 nmethod 17704 0x0000000002f657d0 code [0x0000000002f65a20, 0x0000000002f666d8]

GC Heap History (10 events):
Event: 665.915 GC heap before
{Heap before GC invocations=35 (full 4):
 PSYoungGen      total 292352K, used 272980K [0x00000000eb600000, 0x0000000100000000, 0x0000000100000000)
  eden space 246784K, 100% used [0x00000000eb600000,0x00000000fa700000,0x00000000fa700000)
  from space 45568K, 57% used [0x00000000fd380000,0x00000000fed15230,0x0000000100000000)
  to   space 45568K, 0% used [0x00000000fa700000,0x00000000fa700000,0x00000000fd380000)
 ParOldGen       total 160768K, used 109433K [0x00000000c2200000, 0x00000000cbf00000, 0x00000000eb600000)
  object space 160768K, 68% used [0x00000000c2200000,0x00000000c8cde4d8,0x00000000cbf00000)
 Metaspace       used 90600K, capacity 92682K, committed 92928K, reserved 1130496K
  class space    used 10863K, capacity 11253K, committed 11264K, reserved 1048576K
Event: 666.383 GC heap after
Heap after GC invocations=35 (full 4):
 PSYoungGen      total 286720K, used 39531K [0x00000000eb600000, 0x0000000100000000, 0x0000000100000000)
  eden space 246784K, 0% used [0x00000000eb600000,0x00000000eb600000,0x00000000fa700000)
  from space 39936K, 98% used [0x00000000fa700000,0x00000000fcd9ae10,0x00000000fce00000)
  to   space 50176K, 0% used [0x00000000fcf00000,0x00000000fcf00000,0x0000000100000000)
 ParOldGen       total 160768K, used 109441K [0x00000000c2200000, 0x00000000cbf00000, 0x00000000eb600000)
  object space 160768K, 68% used [0x00000000c2200000,0x00000000c8ce04d8,0x00000000cbf00000)
 Metaspace       used 90600K, capacity 92682K, committed 92928K, reserved 1130496K
  class space    used 10863K, capacity 11253K, committed 11264K, reserved 1048576K
}
Event: 726.708 GC heap before
{Heap before GC invocations=36 (full 4):
 PSYoungGen      total 286720K, used 286315K [0x00000000eb600000, 0x0000000100000000, 0x0000000100000000)
  eden space 246784K, 100% used [0x00000000eb600000,0x00000000fa700000,0x00000000fa700000)
  from space 39936K, 98% used [0x00000000fa700000,0x00000000fcd9ae10,0x00000000fce00000)
  to   space 50176K, 0% used [0x00000000fcf00000,0x00000000fcf00000,0x0000000100000000)
 ParOldGen       total 160768K, used 109441K [0x00000000c2200000, 0x00000000cbf00000, 0x00000000eb600000)
  object space 160768K, 68% used [0x00000000c2200000,0x00000000c8ce04d8,0x00000000cbf00000)
 Metaspace       used 91268K, capacity 93440K, committed 93696K, reserved 1132544K
  class space    used 10869K, capacity 11262K, committed 11264K, reserved 1048576K
Event: 727.167 GC heap after
Heap after GC invocations=36 (full 4):
 PSYoungGen      total 281600K, used 39092K [0x00000000eb600000, 0x0000000100000000, 0x0000000100000000)
  eden space 231424K, 0% used [0x00000000eb600000,0x00000000eb600000,0x00000000f9800000)
  from space 50176K, 77% used [0x00000000fcf00000,0x00000000ff52d1a0,0x0000000100000000)
  to   space 53248K, 0% used [0x00000000f9800000,0x00000000f9800000,0x00000000fcc00000)
 ParOldGen       total 160768K, used 109449K [0x00000000c2200000, 0x00000000cbf00000, 0x00000000eb600000)
  object space 160768K, 68% used [0x00000000c2200000,0x00000000c8ce24d8,0x00000000cbf00000)
 Metaspace       used 91268K, capacity 93440K, committed 93696K, reserved 1132544K
  class space    used 10869K, capacity 11262K, committed 11264K, reserved 1048576K
}
Event: 816.328 GC heap before
{Heap before GC invocations=37 (full 4):
 PSYoungGen      total 281600K, used 270516K [0x00000000eb600000, 0x0000000100000000, 0x0000000100000000)
  eden space 231424K, 100% used [0x00000000eb600000,0x00000000f9800000,0x00000000f9800000)
  from space 50176K, 77% used [0x00000000fcf00000,0x00000000ff52d1a0,0x0000000100000000)
  to   space 53248K, 0% used [0x00000000f9800000,0x00000000f9800000,0x00000000fcc00000)
 ParOldGen       total 160768K, used 109449K [0x00000000c2200000, 0x00000000cbf00000, 0x00000000eb600000)
  object space 160768K, 68% used [0x00000000c2200000,0x00000000c8ce24d8,0x00000000cbf00000)
 Metaspace       used 91804K, capacity 94014K, committed 94336K, reserved 1132544K
  class space    used 10899K, capacity 11299K, committed 11392K, reserved 1048576K
Event: 816.955 GC heap after
Heap after GC invocations=37 (full 4):
 PSYoungGen      total 268288K, used 36393K [0x00000000eb600000, 0x0000000100000000, 0x0000000100000000)
  eden space 231424K, 0% used [0x00000000eb600000,0x00000000eb600000,0x00000000f9800000)
  from space 36864K, 98% used [0x00000000f9800000,0x00000000fbb8a790,0x00000000fbc00000)
  to   space 54784K, 0% used [0x00000000fca80000,0x00000000fca80000,0x0000000100000000)
 ParOldGen       total 160768K, used 109457K [0x00000000c2200000, 0x00000000cbf00000, 0x00000000eb600000)
  object space 160768K, 68% used [0x00000000c2200000,0x00000000c8ce44d8,0x00000000cbf00000)
 Metaspace       used 91804K, capacity 94014K, committed 94336K, reserved 1132544K
  class space    used 10899K, capacity 11299K, committed 11392K, reserved 1048576K
}
Event: 1010.073 GC heap before
{Heap before GC invocations=38 (full 4):
 PSYoungGen      total 268288K, used 267817K [0x00000000eb600000, 0x0000000100000000, 0x0000000100000000)
  eden space 231424K, 100% used [0x00000000eb600000,0x00000000f9800000,0x00000000f9800000)
  from space 36864K, 98% used [0x00000000f9800000,0x00000000fbb8a790,0x00000000fbc00000)
  to   space 54784K, 0% used [0x00000000fca80000,0x00000000fca80000,0x0000000100000000)
 ParOldGen       total 160768K, used 109457K [0x00000000c2200000, 0x00000000cbf00000, 0x00000000eb600000)
  object space 160768K, 68% used [0x00000000c2200000,0x00000000c8ce44d8,0x00000000cbf00000)
 Metaspace       used 91961K, capacity 94180K, committed 94336K, reserved 1132544K
  class space    used 10913K, capacity 11333K, committed 11392K, reserved 1048576K
Event: 1010.597 GC heap after
Heap after GC invocations=38 (full 4):
 PSYoungGen      total 284672K, used 28902K [0x00000000eb600000, 0x0000000100000000, 0x0000000100000000)
  eden space 229888K, 0% used [0x00000000eb600000,0x00000000eb600000,0x00000000f9680000)
  from space 54784K, 52% used [0x00000000fca80000,0x00000000fe6b9810,0x0000000100000000)
  to   space 53248K, 0% used [0x00000000f9680000,0x00000000f9680000,0x00000000fca80000)
 ParOldGen       total 160768K, used 109465K [0x00000000c2200000, 0x00000000cbf00000, 0x00000000eb600000)
  object space 160768K, 68% used [0x00000000c2200000,0x00000000c8ce64d8,0x00000000cbf00000)
 Metaspace       used 91961K, capacity 94180K, committed 94336K, reserved 1132544K
  class space    used 10913K, capacity 11333K, committed 11392K, reserved 1048576K
}
Event: 1010.598 GC heap before
{Heap before GC invocations=39 (full 5):
 PSYoungGen      total 284672K, used 28902K [0x00000000eb600000, 0x0000000100000000, 0x0000000100000000)
  eden space 229888K, 0% used [0x00000000eb600000,0x00000000eb600000,0x00000000f9680000)
  from space 54784K, 52% used [0x00000000fca80000,0x00000000fe6b9810,0x0000000100000000)
  to   space 53248K, 0% used [0x00000000f9680000,0x00000000f9680000,0x00000000fca80000)
 ParOldGen       total 160768K, used 109465K [0x00000000c2200000, 0x00000000cbf00000, 0x00000000eb600000)
  object space 160768K, 68% used [0x00000000c2200000,0x00000000c8ce64d8,0x00000000cbf00000)
 Metaspace       used 91961K, capacity 94180K, committed 94336K, reserved 1132544K
  class space    used 10913K, capacity 11333K, committed 11392K, reserved 1048576K
Event: 1021.741 GC heap after
Heap after GC invocations=39 (full 5):
 PSYoungGen      total 284672K, used 0K [0x00000000eb600000, 0x0000000100000000, 0x0000000100000000)
  eden space 229888K, 0% used [0x00000000eb600000,0x00000000eb600000,0x00000000f9680000)
  from space 54784K, 0% used [0x00000000fca80000,0x00000000fca80000,0x0000000100000000)
  to   space 53248K, 0% used [0x00000000f9680000,0x00000000f9680000,0x00000000fca80000)
 ParOldGen       total 160768K, used 103592K [0x00000000c2200000, 0x00000000cbf00000, 0x00000000eb600000)
  object space 160768K, 64% used [0x00000000c2200000,0x00000000c872a1a8,0x00000000cbf00000)
 Metaspace       used 91354K, capacity 93172K, committed 94336K, reserved 1132544K
  class space    used 10816K, capacity 11159K, committed 11392K, reserved 1048576K
}

Deoptimization events (10 events):
Event: 1021.974 Thread 0x0000000021c5f000 Uncommon trap: reason=unstable_if action=reinterpret pc=0x0000000002cf3310 method=java.lang.ref.SoftReference.get()Ljava/lang/Object; @ 6
Event: 1021.975 Thread 0x0000000021c5f000 Uncommon trap: reason=unstable_if action=reinterpret pc=0x0000000002f63108 method=java.lang.ref.SoftReference.get()Ljava/lang/Object; @ 6
Event: 1022.001 Thread 0x0000000021c5f000 Uncommon trap: reason=unstable_if action=reinterpret pc=0x00000000032508b4 method=java.lang.ref.SoftReference.get()Ljava/lang/Object; @ 6
Event: 1022.076 Thread 0x0000000021c5f000 Uncommon trap: reason=unstable_if action=reinterpret pc=0x00000000032cca28 method=java.lang.ref.SoftReference.get()Ljava/lang/Object; @ 6
Event: 1022.077 Thread 0x0000000021c5f000 Uncommon trap: reason=unstable_if action=reinterpret pc=0x0000000002aa63cc method=java.lang.ref.SoftReference.get()Ljava/lang/Object; @ 6
Event: 1024.051 Thread 0x0000000021c5f000 Uncommon trap: reason=unstable_if action=reinterpret pc=0x0000000004d999e8 method=java.lang.ref.SoftReference.get()Ljava/lang/Object; @ 6
Event: 1024.729 Thread 0x0000000021c5f000 Uncommon trap: reason=unstable_if action=reinterpret pc=0x0000000004e8d450 method=java.lang.ref.SoftReference.get()Ljava/lang/Object; @ 6
Event: 1024.729 Thread 0x0000000021c5f000 Uncommon trap: reason=unstable_if action=reinterpret pc=0x00000000037d1684 method=java.lang.ref.SoftReference.get()Ljava/lang/Object; @ 6
Event: 1025.403 Thread 0x0000000021c5f000 Uncommon trap: reason=unstable_if action=reinterpret pc=0x00000000035dc4c4 method=java.lang.ref.SoftReference.get()Ljava/lang/Object; @ 6
Event: 1025.769 Thread 0x0000000021c5f000 Uncommon trap: reason=unstable_if action=reinterpret pc=0x0000000003078974 method=org.springframework.beans.factory.support.AbstractBeanFactory.getType(Ljava/lang/String;)Ljava/lang/Class; @ 71

Classes redefined (0 events):
No events

Internal exceptions (10 events):
Event: 1021.974 Thread 0x0000000021c5f000 Implicit null exception at 0x0000000002cf2d5c to 0x0000000002cf32e9
Event: 1021.975 Thread 0x0000000021c5f000 Implicit null exception at 0x0000000002f62c80 to 0x0000000002f630ed
Event: 1022.076 Thread 0x0000000021c5f000 Implicit null exception at 0x00000000032c6f00 to 0x00000000032cc9f5
Event: 1022.077 Thread 0x0000000021c5f000 Implicit null exception at 0x0000000002aa5e43 to 0x0000000002aa63ad
Event: 1022.165 Thread 0x0000000021c5f000 Exception <a 'java/io/FileNotFoundException'> (0x00000000eba70fd0) thrown at [C:\re\workspace\8-2-build-windows-amd64-cygwin\jdk8u211\12973\hotspot\src\share\vm\prims\jni.cpp, line 710]
Event: 1024.051 Thread 0x0000000021c5f000 Implicit null exception at 0x0000000004d942cb to 0x0000000004d99995
Event: 1024.729 Thread 0x0000000021c5f000 Implicit null exception at 0x0000000004e8c836 to 0x0000000004e8d435
Event: 1024.729 Thread 0x0000000021c5f000 Implicit null exception at 0x00000000037d10bc to 0x00000000037d165d
Event: 1025.403 Thread 0x0000000021c5f000 Implicit null exception at 0x00000000035dbefc to 0x00000000035dc49d
Event: 1025.768 Thread 0x0000000021c5f000 Implicit null exception at 0x000000000307491d to 0x0000000003078955

Events (10 events):
Event: 1025.403 Thread 0x0000000021c5f000 DEOPT PACKING pc=0x00000000035dc4c4 sp=0x0000000000bedd30
Event: 1025.403 Thread 0x0000000021c5f000 DEOPT UNPACKING pc=0x000000000286583b sp=0x0000000000bedc18 mode 2
Event: 1025.417 Thread 0x0000000014db5800 flushing nmethod 0x0000000003c67590
Event: 1025.423 Thread 0x0000000014db5800 flushing nmethod 0x0000000003dae510
Event: 1025.423 Thread 0x0000000014db5800 flushing nmethod 0x0000000003db2490
Event: 1025.423 Thread 0x0000000014db5800 flushing nmethod 0x0000000003dca5d0
Event: 1025.698 Thread 0x0000000014dbf800 flushing nmethod 0x0000000003ecfe90
Event: 1025.768 Thread 0x0000000021c5f000 Uncommon trap: trap_request=0xffffff65 fr.pc=0x0000000003078974
Event: 1025.769 Thread 0x0000000021c5f000 DEOPT PACKING pc=0x0000000003078974 sp=0x0000000000bedaf0
Event: 1025.769 Thread 0x0000000021c5f000 DEOPT UNPACKING pc=0x000000000286583b sp=0x0000000000bedad0 mode 2


Dynamic libraries:
0x00007ff78b230000 - 0x00007ff78b267000 	C:\Program Files\Java\jdk1.8.0_211\bin\javaw.exe
0x00007fff34e00000 - 0x00007fff34ff0000 	C:\Windows\SYSTEM32\ntdll.dll
0x00007fff33ac0000 - 0x00007fff33b72000 	C:\Windows\System32\KERNEL32.DLL
0x00007fff32c00000 - 0x00007fff32ea3000 	C:\Windows\System32\KERNELBASE.dll
0x00007fff32f10000 - 0x00007fff32fb3000 	C:\Windows\System32\ADVAPI32.dll
0x00007fff34b30000 - 0x00007fff34bce000 	C:\Windows\System32\msvcrt.dll
0x00007fff34330000 - 0x00007fff343c7000 	C:\Windows\System32\sechost.dll
0x00007fff32fc0000 - 0x00007fff330e0000 	C:\Windows\System32\RPCRT4.dll
0x00007fff34710000 - 0x00007fff348a4000 	C:\Windows\System32\USER32.dll
0x00007fff32830000 - 0x00007fff32851000 	C:\Windows\System32\win32u.dll
0x00007fff34b00000 - 0x00007fff34b26000 	C:\Windows\System32\GDI32.dll
0x00007fff32a10000 - 0x00007fff32ba4000 	C:\Windows\System32\gdi32full.dll
0x00007fff31db0000 - 0x00007fff31e4e000 	C:\Windows\System32\msvcp_win.dll
0x00007fff32600000 - 0x00007fff326fa000 	C:\Windows\System32\ucrtbase.dll
0x00007fff1bd10000 - 0x00007fff1bf95000 	C:\Windows\WinSxS\amd64_microsoft.windows.common-controls_6595b64144ccf1df_6.0.18362.778_none_e6c6b761130d4fb8\COMCTL32.dll
0x00007fff343d0000 - 0x00007fff34706000 	C:\Windows\System32\combase.dll
0x00007fff327b0000 - 0x00007fff32830000 	C:\Windows\System32\bcryptPrimitives.dll
0x00007fff348b0000 - 0x00007fff348de000 	C:\Windows\System32\IMM32.DLL
0x0000000070f00000 - 0x0000000070fd2000 	C:\Program Files\Java\jdk1.8.0_211\jre\bin\msvcr100.dll
0x0000000070fe0000 - 0x0000000071885000 	C:\Program Files\Java\jdk1.8.0_211\jre\bin\server\jvm.dll
0x00007fff33b90000 - 0x00007fff33b98000 	C:\Windows\System32\PSAPI.DLL
0x00007fff2e820000 - 0x00007fff2e844000 	C:\Windows\SYSTEM32\WINMM.dll
0x00007fff27b30000 - 0x00007fff27b3a000 	C:\Windows\SYSTEM32\VERSION.dll
0x00007fff2e7e0000 - 0x00007fff2e80d000 	C:\Windows\SYSTEM32\winmmbase.dll
0x00007fff28e00000 - 0x00007fff28e09000 	C:\Windows\SYSTEM32\WSOCK32.dll
0x00007fff34d50000 - 0x00007fff34dbf000 	C:\Windows\System32\WS2_32.dll
0x00007fff32bb0000 - 0x00007fff32bfa000 	C:\Windows\System32\cfgmgr32.dll
0x00007fff28440000 - 0x00007fff2844f000 	C:\Program Files\Java\jdk1.8.0_211\jre\bin\verify.dll
0x00007fff24960000 - 0x00007fff24989000 	C:\Program Files\Java\jdk1.8.0_211\jre\bin\java.dll
0x00007fff27e00000 - 0x00007fff27e16000 	C:\Program Files\Java\jdk1.8.0_211\jre\bin\zip.dll
0x00007fff33c20000 - 0x00007fff34305000 	C:\Windows\System32\SHELL32.dll
0x00007fff338d0000 - 0x00007fff33979000 	C:\Windows\System32\shcore.dll
0x00007fff31e50000 - 0x00007fff325d0000 	C:\Windows\System32\windows.storage.dll
0x00007fff31cf0000 - 0x00007fff31d13000 	C:\Windows\System32\profapi.dll
0x00007fff31d20000 - 0x00007fff31d6a000 	C:\Windows\System32\powrprof.dll
0x00007fff31cc0000 - 0x00007fff31cd0000 	C:\Windows\System32\UMPDC.dll
0x00007fff330e0000 - 0x00007fff33132000 	C:\Windows\System32\shlwapi.dll
0x00007fff31cd0000 - 0x00007fff31ce1000 	C:\Windows\System32\kernel.appcore.dll
0x00007fff31d90000 - 0x00007fff31da7000 	C:\Windows\System32\cryptsp.dll
0x00007fff24a30000 - 0x00007fff24a4a000 	C:\Program Files\Java\jdk1.8.0_211\jre\bin\net.dll
0x00007fff29990000 - 0x00007fff29b65000 	C:\Windows\SYSTEM32\urlmon.dll
0x00007fff29500000 - 0x00007fff297a6000 	C:\Windows\SYSTEM32\iertutil.dll
0x00007fff31700000 - 0x00007fff3170c000 	C:\Windows\SYSTEM32\CRYPTBASE.DLL
0x00007fff31530000 - 0x00007fff31597000 	C:\Windows\system32\mswsock.dll
0x00007fff31240000 - 0x00007fff3127a000 	C:\Windows\SYSTEM32\IPHLPAPI.DLL
0x00007fff335b0000 - 0x00007fff335b8000 	C:\Windows\System32\NSI.dll
0x00007fff27f50000 - 0x00007fff27f66000 	C:\Windows\SYSTEM32\dhcpcsvc6.DLL
0x00007fff28a50000 - 0x00007fff28a6c000 	C:\Windows\SYSTEM32\dhcpcsvc.DLL
0x00007fff31280000 - 0x00007fff3134a000 	C:\Windows\SYSTEM32\DNSAPI.dll
0x00007fff27b20000 - 0x00007fff27b2a000 	C:\Windows\System32\rasadhlp.dll
0x00007fff281a0000 - 0x00007fff28217000 	C:\Windows\System32\fwpuclnt.dll
0x00007fff325d0000 - 0x00007fff325f6000 	C:\Windows\System32\bcrypt.dll
0x00007fff2e950000 - 0x00007fff2e95d000 	C:\Program Files\Java\jdk1.8.0_211\jre\bin\management.dll
0x00007fff1c250000 - 0x00007fff1c266000 	C:\Windows\system32\napinsp.dll
0x00007fff1c130000 - 0x00007fff1c14a000 	C:\Windows\system32\pnrpnsp.dll
0x00007fff1c100000 - 0x00007fff1c10e000 	C:\Windows\System32\winrnr.dll
0x00007fff2e920000 - 0x00007fff2e93c000 	C:\Windows\system32\NLAapi.dll
0x00007fff1c0d0000 - 0x00007fff1c0e5000 	C:\Windows\system32\wshbth.dll
0x00007fff24910000 - 0x00007fff24922000 	C:\Program Files\Java\jdk1.8.0_211\jre\bin\nio.dll
0x00007fff310a0000 - 0x00007fff310d3000 	C:\Windows\system32\rsaenh.dll
0x00007fff31be0000 - 0x00007fff31c05000 	C:\Windows\SYSTEM32\USERENV.dll
0x00007fff11ac0000 - 0x00007fff11ae4000 	C:\Program Files\Java\jdk1.8.0_211\jre\bin\sunec.dll
0x00007fff2e9f0000 - 0x00007fff2e9fb000 	C:\Program Files\Java\jdk1.8.0_211\jre\bin\sunmscapi.dll
0x00007fff32860000 - 0x00007fff329a9000 	C:\Windows\System32\CRYPT32.dll
0x00007fff31d70000 - 0x00007fff31d82000 	C:\Windows\System32\MSASN1.dll

VM Arguments:
jvm_args: -Dfile.encoding=UTF-8 
java_command: com.globits.letter.LetterManagementApplication
java_class_path (initial): E:\MyWork\hlu-master\letter\letter-app\target\classes;E:\MyWork\hlu-master\hr\hr-api\target\classes;C:\Users\DungPC\.m2\repository\com\globits\core-api\1.0.0-SNAPSHOT\core-api-1.0.0-SNAPSHOT.jar;C:\Users\DungPC\.m2\repository\org\springframework\boot\spring-boot-starter-web\1.5.4.RELEASE\spring-boot-starter-web-1.5.4.RELEASE.jar;C:\Users\DungPC\.m2\repository\org\springframework\boot\spring-boot-starter\1.5.4.RELEASE\spring-boot-starter-1.5.4.RELEASE.jar;C:\Users\DungPC\.m2\repository\org\springframework\boot\spring-boot\1.5.4.RELEASE\spring-boot-1.5.4.RELEASE.jar;C:\Users\DungPC\.m2\repository\org\springframework\boot\spring-boot-autoconfigure\1.5.4.RELEASE\spring-boot-autoconfigure-1.5.4.RELEASE.jar;C:\Users\DungPC\.m2\repository\org\springframework\boot\spring-boot-starter-logging\1.5.4.RELEASE\spring-boot-starter-logging-1.5.4.RELEASE.jar;C:\Users\DungPC\.m2\repository\org\slf4j\jul-to-slf4j\1.7.25\jul-to-slf4j-1.7.25.jar;C:\Users\DungPC\.m2\repository\org\slf4j\log4j-over-slf4j\1.7.25\log4j-over-slf4j-1.7.25.jar;C:\Users\DungPC\.m2\repository\org\yaml\snakeyaml\1.17\snakeyaml-1.17.jar;C:\Users\DungPC\.m2\repository\org\springframework\boot\spring-boot-starter-tomcat\1.5.4.RELEASE\spring-boot-starter-tomcat-1.5.4.RELEASE.jar;C:\Users\DungPC\.m2\repository\org\apache\tomcat\embed\tomcat-embed-core\8.5.4\tomcat-embed-core-8.5.4.jar;C:\Users\DungPC\.m2\repository\org\apache\tomcat\embed\tomcat-embed-el\8.5.4\tomcat-embed-el-8.5.4.jar;C:\Users\DungPC\.m2\repository\org\apache\tomcat\embed\tomcat-embed-websocket\8.5.4\tomcat-embed-websocket-8.5.4.jar;C:\Users\DungPC\.m2\repository\org\springframework\spring-context\4.3.9.RELEASE\spring-context-4.3.9.RELEASE.jar;C:\Users\DungPC\.m2\repository\org\springframework\spring-aop\4.3.9.RELEASE\spring-aop-4.3.9.RELEASE.jar;C:\Users\DungPC\.m2\repository\org\springframework\spring-beans\4.3.9.RELEASE\spring-beans-4.3.9.RELEASE.jar;C:\Users\DungPC\.m2\repository\org\springframework\spring-core\4.3.9
Launcher Type: SUN_STANDARD

Environment Variables:
JAVA_HOME=C:\Program Files\Java\jdk1.8.0_211
PATH=C:/Program Files/Java/jdk1.8.0_211/bin/../jre/bin/server;C:/Program Files/Java/jdk1.8.0_211/bin/../jre/bin;C:/Program Files/Java/jdk1.8.0_211/bin/../jre/lib/amd64;C:\Python27\;C:\Python27\Scripts;C:\Program Files (x86)\Common Files\Oracle\Java\javapath;C:\Windows\system32;C:\Windows;C:\Windows\System32\Wbem;C:\Windows\System32\WindowsPowerShell\v1.0\;C:\Windows\System32\OpenSSH\;C:\Program Files\dotnet\;C:\Program Files\Microsoft SQL Server\130\Tools\Binn\;C:\Program Files\Java\jdk1.8.0_211\bin;C:\Program Files (x86)\Microsoft SQL Server\110\Tools\Binn\;C:\Program Files\Microsoft SQL Server\110\Tools\Binn\;C:\Program Files\Microsoft SQL Server\110\DTS\Binn\;C:\Program Files (x86)\Microsoft SQL Server\110\Tools\Binn\ManagementStudio\;C:\Program Files (x86)\Microsoft Visual Studio 10.0\Common7\IDE\PrivateAssemblies\;C:\Program Files (x86)\Microsoft SQL Server\110\DTS\Binn\;E:\Data App\TortoiseSVN\bin;E:\Data App\DataNodeJS\;C:\ProgramData\chocolatey\bin;E:\Data App\TortoiseGit\bin;E:\Data App\TortoiseGit\Git\cmd;E:\Data App\Yarn\bin\;E:\Hadoop\hadoop-2.8.0\bin;C:\JavaForHadoop\jdk1.8.0_211\bin;C:\Program Files\MySQL\MySQL Shell 8.0\bin\;C:\Users\DungPC\AppData\Local\Microsoft\WindowsApps;E:\Data App\VisualStudioCode\Microsoft VS Code\bin;C:\Users\DungPC\AppData\Local\Programs\EmEditor;C:\Users\DungPC\AppData\Local\GitHubDesktop\bin;C:\Users\DungPC\AppData\Roaming\npm;E:\Data App\apache-maven-3.6.3-bin\apache-maven-3.6.3\bin;C:\Users\DungPC\AppData\Local\Yarn\bin;C:\Windows\System32;
USERNAME=DungPC
OS=Windows_NT
PROCESSOR_IDENTIFIER=Intel64 Family 6 Model 58 Stepping 9, GenuineIntel



---------------  S Y S T E M  ---------------

OS: Windows 10.0 , 64 bit Build 18362 (10.0.18362.778)

CPU:total 4 (initial active 4) (2 cores per cpu, 2 threads per core) family 6 model 58 stepping 9, cmov, cx8, fxsr, mmx, sse, sse2, sse3, ssse3, sse4.1, sse4.2, popcnt, avx, aes, clmul, erms, ht, tsc, tscinvbit, tscinv

Memory: 4k page, physical 4054576k(161984k free), swap 13416364k(12308k free)

vm_info: Java HotSpot(TM) 64-Bit Server VM (25.211-b12) for windows-amd64 JRE (1.8.0_211-b12), built on Apr  1 2019 20:53:26 by "java_re" with MS VC++ 10.0 (VS2010)

time: Mon Apr 27 14:58:40 2020
timezone: SE Asia Standard Time
elapsed time: 1025 seconds (0d 0h 17m 5s)

